<?xml version="1.0" encoding="UTF-8"?>
<testsuite xmlns:xsi="http://www.w3.org/2001/XMLSchema-instance" xsi:noNamespaceSchemaLocation="https://maven.apache.org/surefire/maven-surefire-plugin/xsd/surefire-test-report-3.0.xsd" version="3.0" name="id.co.juaracoding.selenium.ForgotPasswordTest" time="12.276" tests="3" errors="0" skipped="0" failures="0">
  <properties>
[...]
</properties>
  <testcase name="open_forgot_password_page" classname="id.co.juaracoding.selenium.ForgotPasswordTest" time="1.192">
    <system-err><![CDATA[SLF4J(W): No SLF4J providers were found.
SLF4J(W): Defaulting to no-operation (NOP) logger implementation
SLF4J(W): See https://www.slf4j.org/codes.html#noProviders for further details.
Aug 10, 2026 12:11:00 AM org.openqa.selenium.devtools.CdpVersionFinder findNearestMatch
WARNING: Unable to find an exact match for CDP version 151, returning the closest version; found: 150; Please update to a Selenium version that supports CDP version 151
]]></system-err>
  </testcase>
  <testcase name="submit_forgot_password_form_with_valid_email" classname="id.co.juaracoding.selenium.ForgotPasswordTest" time="2.354">
    <system-err><![CDATA[Aug 10, 2026 12:11:03 AM org.openqa.selenium.devtools.CdpVersionFinder findNearestMatch
WARNING: Unable to find an exact match for CDP version 151, returning the closest version; found: 150; Please update to a Selenium version that supports CDP version 151
]]></system-err>
  </testcase>
  <testcase name="submit_forgot_password_form_with_invalid_email" classname="id.co.juaracoding.selenium.ForgotPasswordTest" time="3.685">
    <system-err><![CDATA[Aug 10, 2026 12:11:07 AM org.openqa.selenium.devtools.CdpVersionFinder findNearestMatch
WARNING: Unable to find an exact match for CDP version 151, returning the closest version; found: 150; Please update to a Selenium version that supports CDP version 151
]]></system-err>
  </testcase>
</testsuite>