<?xml version="1.0" encoding="UTF-8"?>
<testsuite xmlns:xsi="http://www.w3.org/2001/XMLSchema-instance" xsi:noNamespaceSchemaLocation="https://maven.apache.org/surefire/maven-surefire-plugin/xsd/surefire-test-report-3.0.xsd" version="3.0" name="TestSuite" time="1.728" tests="11" errors="0" skipped="0" failures="0">
  <properties>
[...]
</properties>
  <testcase name="test_count_vowels" classname="id.co.juaracoding.testng.TextUtilTest" time="0.01">
    <system-out><![CDATA[Message Before Test
]]></system-out>
    <system-err><![CDATA[SLF4J(W): No SLF4J providers were found.
SLF4J(W): Defaulting to no-operation (NOP) logger implementation
SLF4J(W): See https://www.slf4j.org/codes.html#noProviders for further details.
]]></system-err>
  </testcase>
  <testcase name="test_count_vowels_empty" classname="id.co.juaracoding.testng.TextUtilTest" time="0.0"/>
  <testcase name="test_count_vowels_mixed_case" classname="id.co.juaracoding.testng.TextUtilTest" time="0.001"/>
  <testcase name="test_count_vowels_null" classname="id.co.juaracoding.testng.TextUtilTest" time="0.001"/>
  <testcase name="test_count_vowels_zero" classname="id.co.juaracoding.testng.TextUtilTest" time="0.001"/>
  <testcase name="test_is_not_palindrome" classname="id.co.juaracoding.testng.TextUtilTest" time="0.001"/>
  <testcase name="test_is_not_palindrome_mixed_case" classname="id.co.juaracoding.testng.TextUtilTest" time="0.001"/>
  <testcase name="test_is_palindrome" classname="id.co.juaracoding.testng.TextUtilTest" time="0.0"/>
  <testcase name="test_is_palindrome_empty" classname="id.co.juaracoding.testng.TextUtilTest" time="0.001"/>
  <testcase name="test_is_palindrome_mixed_case" classname="id.co.juaracoding.testng.TextUtilTest" time="0.001"/>
  <testcase name="test_is_palindrome_null" classname="id.co.juaracoding.testng.TextUtilTest" time="0.003"/>
</testsuite>