<?xml version="1.0" encoding="UTF-8"?>
<testng-results ignored="0" total="11" passed="11" failed="0" skipped="0">
  <reporter-output>
  </reporter-output>
  <suite started-at="2026-08-03T11:19:16 WIB" name="Surefire suite" finished-at="2026-08-03T11:19:16 WIB" duration-ms="112">
    <groups>
    </groups>
    <test started-at="2026-08-03T11:19:16 WIB" name="Surefire test" finished-at="2026-08-03T11:19:16 WIB" duration-ms="112">
      <class name="id.co.juaracoding.testng.TextUtilTest">
        <test-method is-config="true" signature="before_class_method()[pri:0, instance:id.co.juaracoding.testng.TextUtilTest@11a9e7c8]" started-at="2026-08-03T11:19:16 WIB" name="before_class_method" finished-at="2026-08-03T11:19:16 WIB" duration-ms="16" status="PASS">
          <reporter-output>
          </reporter-output>
        </test-method> <!-- before_class_method -->
        <test-method signature="test_count_vowels()[pri:0, instance:id.co.juaracoding.testng.TextUtilTest@11a9e7c8]" started-at="2026-08-03T11:19:16 WIB" name="test_count_vowels" finished-at="2026-08-03T11:19:16 WIB" duration-ms="7" status="PASS">
          <reporter-output>
          </reporter-output>
        </test-method> <!-- test_count_vowels -->
        <test-method signature="test_count_vowels_empty()[pri:0, instance:id.co.juaracoding.testng.TextUtilTest@11a9e7c8]" started-at="2026-08-03T11:19:16 WIB" name="test_count_vowels_empty" finished-at="2026-08-03T11:19:16 WIB" duration-ms="3" status="PASS">
          <reporter-output>
          </reporter-output>
        </test-method> <!-- test_count_vowels_empty -->
        <test-method signature="test_count_vowels_mixed_case()[pri:0, instance:id.co.juaracoding.testng.TextUtilTest@11a9e7c8]" started-at="2026-08-03T11:19:16 WIB" name="test_count_vowels_mixed_case" finished-at="2026-08-03T11:19:16 WIB" duration-ms="1" status="PASS">
          <reporter-output>
          </reporter-output>
        </test-method> <!-- test_count_vowels_mixed_case -->
        <test-method signature="test_count_vowels_null()[pri:0, instance:id.co.juaracoding.testng.TextUtilTest@11a9e7c8]" started-at="2026-08-03T11:19:16 WIB" name="test_count_vowels_null" finished-at="2026-08-03T11:19:16 WIB" duration-ms="1" status="PASS">
          <reporter-output>
          </reporter-output>
        </test-method> <!-- test_count_vowels_null -->
        <test-method signature="test_count_vowels_zero()[pri:0, instance:id.co.juaracoding.testng.TextUtilTest@11a9e7c8]" started-at="2026-08-03T11:19:16 WIB" name="test_count_vowels_zero" finished-at="2026-08-03T11:19:16 WIB" duration-ms="1" status="PASS">
          <reporter-output>
          </reporter-output>
        </test-method> <!-- test_count_vowels_zero -->
        <test-method signature="test_is_not_palindrome()[pri:0, instance:id.co.juaracoding.testng.TextUtilTest@11a9e7c8]" started-at="2026-08-03T11:19:16 WIB" name="test_is_not_palindrome" finished-at="2026-08-03T11:19:16 WIB" duration-ms="2" status="PASS">
          <reporter-output>
          </reporter-output>
        </test-method> <!-- test_is_not_palindrome -->
        <test-method signature="test_is_not_palindrome_mixed_case()[pri:0, instance:id.co.juaracoding.testng.TextUtilTest@11a9e7c8]" started-at="2026-08-03T11:19:16 WIB" name="test_is_not_palindrome_mixed_case" finished-at="2026-08-03T11:19:16 WIB" duration-ms="1" status="PASS">
          <reporter-output>
          </reporter-output>
        </test-method> <!-- test_is_not_palindrome_mixed_case -->
        <test-method signature="test_is_palindrome()[pri:0, instance:id.co.juaracoding.testng.TextUtilTest@11a9e7c8]" started-at="2026-08-03T11:19:16 WIB" name="test_is_palindrome" finished-at="2026-08-03T11:19:16 WIB" duration-ms="1" status="PASS">
          <reporter-output>
          </reporter-output>
        </test-method> <!-- test_is_palindrome -->
        <test-method signature="test_is_palindrome_empty()[pri:0, instance:id.co.juaracoding.testng.TextUtilTest@11a9e7c8]" started-at="2026-08-03T11:19:16 WIB" name="test_is_palindrome_empty" finished-at="2026-08-03T11:19:16 WIB" duration-ms="1" status="PASS">
          <reporter-output>
          </reporter-output>
        </test-method> <!-- test_is_palindrome_empty -->
        <test-method signature="test_is_palindrome_mixed_case()[pri:0, instance:id.co.juaracoding.testng.TextUtilTest@11a9e7c8]" started-at="2026-08-03T11:19:16 WIB" name="test_is_palindrome_mixed_case" finished-at="2026-08-03T11:19:16 WIB" duration-ms="1" status="PASS">
          <reporter-output>
          </reporter-output>
        </test-method> <!-- test_is_palindrome_mixed_case -->
        <test-method signature="test_is_palindrome_null()[pri:0, instance:id.co.juaracoding.testng.TextUtilTest@11a9e7c8]" started-at="2026-08-03T11:19:16 WIB" name="test_is_palindrome_null" finished-at="2026-08-03T11:19:16 WIB" duration-ms="1" status="PASS">
          <reporter-output>
          </reporter-output>
        </test-method> <!-- test_is_palindrome_null -->
        <test-method is-config="true" signature="after_class_method()[pri:0, instance:id.co.juaracoding.testng.TextUtilTest@11a9e7c8]" started-at="2026-08-03T11:19:16 WIB" name="after_class_method" finished-at="2026-08-03T11:19:16 WIB" duration-ms="0" status="PASS">
          <reporter-output>
          </reporter-output>
        </test-method> <!-- after_class_method -->
      </class> <!-- id.co.juaracoding.testng.TextUtilTest -->
    </test> <!-- Surefire test -->
  </suite> <!-- Surefire suite -->
</testng-results>
