<?xml version="1.0" encoding="UTF-8"?>
<!-- Generated by org.testng.reporters.JUnitReportReporter -->
<testsuite hostname="LAPTOP-POPJ31EA" failures="0" tests="3" name="id.co.juaracoding.selenium.ForgotPasswordTest" time="11.696" errors="0" timestamp="2026-08-10T00:11:11 WIB" skipped="0">
  <testcase classname="id.co.juaracoding.selenium.ForgotPasswordTest" name="open_forgot_password_page" time="2.454"/>
  <testcase classname="id.co.juaracoding.selenium.ForgotPasswordTest" name="submit_forgot_password_form_with_valid_email" time="4.418"/>
  <testcase classname="id.co.juaracoding.selenium.ForgotPasswordTest" name="submit_forgot_password_form_with_invalid_email" time="4.824"/>
</testsuite> <!-- id.co.juaracoding.selenium.ForgotPasswordTest -->
