<?xml version="1.0" encoding="UTF-8"?>
<!-- Generated by org.testng.reporters.JUnitReportReporter -->
<testsuite hostname="LAPTOP-POPJ31EA" failures="0" tests="4" name="id.co.juaracoding.selenium.LoginTest" time="27.620" errors="0" timestamp="2026-08-09T23:23:51 WIB" skipped="0">
  <testcase classname="id.co.juaracoding.selenium.LoginTest" name="should_redirect_to_dashboard_when_login_valid_customer" time="5.705"/>
  <testcase classname="id.co.juaracoding.selenium.LoginTest" name="should_redirect_to_dashboard_when_login_valid_admin" time="5.570"/>
  <testcase classname="id.co.juaracoding.selenium.LoginTest" name="should_show_error_toast_when_password_and_captcha_invalid" time="10.873"/>
  <testcase classname="id.co.juaracoding.selenium.LoginTest" name="should_show_error_toast_when_captcha_invalid" time="5.472"/>
</testsuite> <!-- id.co.juaracoding.selenium.LoginTest -->
