<?xml version="1.0" encoding="UTF-8"?>
<!-- Generated by org.testng.reporters.JUnitXMLReporter -->
<testsuite ignored="0" hostname="LAPTOP-POPJ31EA" failures="0" tests="11" name="TestDasar" time="0.341" errors="0" timestamp="2026-08-08T11:36:20 WIB">
  <testcase classname="id.co.juaracoding.testng.TextUtilTest" name="test_count_vowels" time="0.01"/>
  <testcase classname="id.co.juaracoding.testng.TextUtilTest" name="test_count_vowels_empty" time="0.002"/>
  <testcase classname="id.co.juaracoding.testng.TextUtilTest" name="test_count_vowels_mixed_case" time="0.001"/>
  <testcase classname="id.co.juaracoding.testng.TextUtilTest" name="test_count_vowels_null" time="0.001"/>
  <testcase classname="id.co.juaracoding.testng.TextUtilTest" name="test_count_vowels_zero" time="0.001"/>
  <testcase classname="id.co.juaracoding.testng.TextUtilTest" name="test_is_not_palindrome" time="0.003"/>
  <testcase classname="id.co.juaracoding.testng.TextUtilTest" name="test_is_not_palindrome_mixed_case" time="0.001"/>
  <testcase classname="id.co.juaracoding.testng.TextUtilTest" name="test_is_palindrome" time="0.002"/>
  <testcase classname="id.co.juaracoding.testng.TextUtilTest" name="test_is_palindrome_empty" time="0.0"/>
  <testcase classname="id.co.juaracoding.testng.TextUtilTest" name="test_is_palindrome_mixed_case" time="0.001"/>
  <testcase classname="id.co.juaracoding.testng.TextUtilTest" name="test_is_palindrome_null" time="0.003"/>
</testsuite> <!-- TestDasar -->
