<?xml version="1.0" encoding="UTF-8"?>
<!-- Generated by org.testng.reporters.JUnitXMLReporter -->
<testsuite ignored="0" hostname="LAPTOP-POPJ31EA" failures="0" tests="3" name="Surefire test" time="11.76" errors="0" timestamp="2026-08-10T00:11:10 WIB">
  <testcase classname="id.co.juaracoding.selenium.ForgotPasswordTest" name="open_forgot_password_page" time="1.193"/>
  <testcase classname="id.co.juaracoding.selenium.ForgotPasswordTest" name="submit_forgot_password_form_with_valid_email" time="2.357"/>
  <testcase classname="id.co.juaracoding.selenium.ForgotPasswordTest" name="submit_forgot_password_form_with_invalid_email" time="3.689"/>
</testsuite> <!-- Surefire test -->
